\BOOKMARK [-1][]{thuchapter.1.-1}{\376\377\171\136\176\317\177\121\176\334\137\123\116\055\166\204\150\257\136\246\162\006\160\270\163\260\214\141}{}% 1
\BOOKMARK [0][]{thuchapter.2.0}{\376\377\121\163\116\216\133\146\117\115\213\272\145\207\117\177\165\050\143\210\147\103\166\204\213\364\146\016}{thuchapter.1.-1}% 2
\BOOKMARK [0][]{thuchapter.3.0}{\376\377\116\055\145\207\144\130\211\201}{thuchapter.1.-1}% 3
\BOOKMARK [0][]{thuchapter.4.0}{\376\377\000A\000B\000S\000T\000R\000A\000C\000T}{thuchapter.1.-1}% 4
\BOOKMARK [0][]{thuchapter.5.0}{\376\377\166\356\137\125}{thuchapter.1.-1}% 5
\BOOKMARK [0][]{thuchapter.6.0}{\376\377\116\073\211\201\173\046\123\367\210\150}{thuchapter.1.-1}% 6
\BOOKMARK [0][]{chapter.1}{\376\377\173\054\0001\172\340\000\040\137\025\212\000}{thuchapter.1.-1}% 7
\BOOKMARK [1][-]{section.1.1}{\376\377\0001\000.\0001\000\040\225\356\230\230\200\314\146\157\123\312\141\017\116\111}{chapter.1}% 8
\BOOKMARK [1][-]{section.1.2}{\376\377\0001\000.\0002\000\040\145\207\163\056\176\374\217\360}{chapter.1}% 9
\BOOKMARK [1][-]{section.1.3}{\376\377\0001\000.\0003\000\040\213\272\145\207\150\106\147\266}{chapter.1}% 10
\BOOKMARK [0][]{chapter.2}{\376\377\173\054\0002\172\340\000\040\147\116\226\305\146\156\213\372\131\053\214\061\124\214\147\116\226\305\146\156\213\372\131\053\214\061\166\204\213\241\173\227}{thuchapter.1.-1}% 11
\BOOKMARK [1][-]{section.2.1}{\376\377\0002\000.\0001\000\040\147\116\226\305\146\156\213\372\131\053\214\061}{chapter.2}% 12
\BOOKMARK [2][-]{subsection.2.1.1}{\376\377\0002\000.\0001\000.\0001\000\040\217\336\176\355\145\366\225\364\166\204\147\116\226\305\146\156\213\372\131\053\214\061}{section.2.1}% 13
\BOOKMARK [2][-]{subsection.2.1.2}{\376\377\0002\000.\0001\000.\0002\000\040\171\273\145\143\145\366\225\364\166\204\147\116\226\305\146\156\213\372\131\053\214\061}{section.2.1}% 14
\BOOKMARK [1][-]{section.2.2}{\376\377\0002\000.\0002\000\040\213\241\173\227\145\271\154\325}{chapter.2}% 15
\BOOKMARK [0][]{chapter.3}{\376\377\173\054\0003\172\340\000\040\116\015\172\063\133\232\171\136\176\317\177\121\176\334}{thuchapter.1.-1}% 16
\BOOKMARK [1][-]{section.3.1}{\376\377\0003\000.\0001\000\040\150\257\136\246\162\006\160\270}{chapter.3}% 17
\BOOKMARK [1][-]{section.3.2}{\376\377\0003\000.\0002\000\040\147\103\221\315\122\035\131\313\123\026}{chapter.3}% 18
\BOOKMARK [2][-]{subsection.3.2.1}{\376\377\0003\000.\0002\000.\0001\000\040\000X\000a\000v\000i\000e\000r\000\040\122\035\131\313\123\026}{section.3.2}% 19
\BOOKMARK [2][-]{subsection.3.2.2}{\376\377\0003\000.\0002\000.\0002\000\040\000H\000e\000\040\122\035\131\313\123\026}{section.3.2}% 20
\BOOKMARK [1][-]{section.3.3}{\376\377\0003\000.\0003\000\040\117\064\226\217\126\152\130\360\154\325}{chapter.3}% 21
\BOOKMARK [2][-]{subsection.3.3.1}{\376\377\0003\000.\0003\000.\0001\000\040\164\006\213\272\200\314\146\157}{section.3.3}% 22
\BOOKMARK [2][-]{subsection.3.3.2}{\376\377\0003\000.\0003\000.\0002\000\040\117\064\226\217\123\330\221\317\166\204\137\025\121\145}{section.3.3}% 23
\BOOKMARK [2][-]{subsection.3.3.3}{\376\377\0003\000.\0003\000.\0003\000\040\150\257\136\246\213\241\173\227\166\204\214\003\145\164}{section.3.3}% 24
\BOOKMARK [2][-]{subsection.3.3.4}{\376\377\0003\000.\0003\000.\0004\000\040\147\116\226\305\146\156\213\372\131\053\145\271\172\013\166\204\154\102\211\343}{section.3.3}% 25
\BOOKMARK [1][-]{section.3.4}{\376\377\0003\000.\0004\000\040\150\070\137\256\122\006\145\271\154\325}{chapter.3}% 26
\BOOKMARK [2][-]{subsection.3.4.1}{\376\377\0003\000.\0004\000.\0001\000\040\145\271\154\325\173\200\116\313}{section.3.4}% 27
\BOOKMARK [2][-]{subsection.3.4.2}{\376\377\0003\000.\0004\000.\0002\000\040\150\070\121\375\145\160\220\011\123\326}{section.3.4}% 28
\BOOKMARK [0][]{chapter.4}{\376\377\173\054\0004\172\340\000\040\171\136\176\317\177\121\176\334\116\055\166\204\147\116\226\305\146\156\213\372\131\053\214\061}{thuchapter.1.-1}% 29
\BOOKMARK [1][-]{section.4.1}{\376\377\0004\000.\0001\000\040\173\046\123\367\176\246\133\232}{chapter.4}% 30
\BOOKMARK [1][-]{section.4.2}{\376\377\0004\000.\0002\000\040\164\006\213\272\122\006\147\220}{chapter.4}% 31
\BOOKMARK [2][-]{subsection.4.2.1}{\376\377\0004\000.\0002\000.\0001\000\040\170\024\172\166\145\271\150\110}{section.4.2}% 32
\BOOKMARK [2][-]{subsection.4.2.2}{\376\377\0004\000.\0002\000.\0002\000\040\133\371\120\166\140\047\166\204\133\232\116\111\123\312\164\006\213\272\213\301\146\016}{section.4.2}% 33
\BOOKMARK [1][-]{section.4.3}{\376\377\0004\000.\0003\000\040\133\236\232\214\122\006\147\220}{chapter.4}% 34
\BOOKMARK [2][-]{subsection.4.3.1}{\376\377\0004\000.\0003\000.\0001\000\040\121\150\217\336\143\245\171\136\176\317\177\121\176\334}{section.4.3}% 35
\BOOKMARK [3][-]{subsubsection.4.3.1.1}{\376\377\0004\000.\0003\000.\0001\000.\0001\000\040\177\121\176\334\176\323\147\204}{subsection.4.3.1}% 36
\BOOKMARK [3][-]{subsubsection.4.3.1.2}{\376\377\0004\000.\0003\000.\0001\000.\0002\000\040\213\255\176\303\217\307\172\013}{subsection.4.3.1}% 37
\BOOKMARK [3][-]{subsubsection.4.3.1.3}{\376\377\0004\000.\0003\000.\0001\000.\0003\000\040\147\116\226\305\146\156\213\372\131\053\214\061\213\241\173\227}{subsection.4.3.1}% 38
\BOOKMARK [3][-]{subsubsection.4.3.1.4}{\376\377\0004\000.\0003\000.\0001\000.\0004\000\040\217\320\210\114\176\323\147\234}{subsection.4.3.1}% 39
\BOOKMARK [2][-]{subsection.4.3.2}{\376\377\0004\000.\0003\000.\0002\000\040\137\252\163\257\171\136\176\317\177\121\176\334}{section.4.3}% 40
\BOOKMARK [3][-]{subsubsection.4.3.2.1}{\376\377\0004\000.\0003\000.\0002\000.\0001\000\040\177\121\176\334\176\323\147\204}{subsection.4.3.2}% 41
\BOOKMARK [3][-]{subsubsection.4.3.2.2}{\376\377\0004\000.\0003\000.\0002\000.\0002\000\040\213\255\176\303\217\307\172\013}{subsection.4.3.2}% 42
\BOOKMARK [3][-]{subsubsection.4.3.2.3}{\376\377\0004\000.\0003\000.\0002\000.\0003\000\040\147\116\226\305\146\156\213\372\131\053\214\061\213\241\173\227}{subsection.4.3.2}% 43
\BOOKMARK [3][-]{subsubsection.4.3.2.4}{\376\377\0004\000.\0003\000.\0002\000.\0004\000\040\217\320\210\114\176\323\147\234\000\040\000-\000\040\145\340\217\223\121\145\140\305\137\142}{subsection.4.3.2}% 44
\BOOKMARK [3][-]{subsubsection.4.3.2.5}{\376\377\0004\000.\0003\000.\0002\000.\0005\000\040\217\320\210\114\176\323\147\234\000\040\000-\000\040\147\011\217\223\121\145\140\305\137\142}{subsection.4.3.2}% 45
\BOOKMARK [2][-]{subsection.4.3.3}{\376\377\0004\000.\0003\000.\0003\000\040\133\371\120\166\140\047\166\204\232\214\213\301}{section.4.3}% 46
\BOOKMARK [1][-]{section.4.4}{\376\377\0004\000.\0004\000\040\176\323\213\272}{chapter.4}% 47
\BOOKMARK [0][]{chapter.5}{\376\377\173\054\0005\172\340\000\040\140\073\176\323}{thuchapter.1.-1}% 48
\BOOKMARK [0][]{section*.22}{\376\377\143\322\126\376\175\042\137\025}{thuchapter.1.-1}% 49
\BOOKMARK [0][]{section*.24}{\376\377\210\150\150\074\175\042\137\025}{thuchapter.1.-1}% 50
\BOOKMARK [0][]{section*.26}{\376\377\123\302\200\003\145\207\163\056}{thuchapter.1.-1}% 51
\BOOKMARK [0][]{section*.28}{\376\377\201\364\214\042}{thuchapter.1.-1}% 52
\BOOKMARK [0][]{section*.30}{\376\377\130\360\146\016}{thuchapter.1.-1}% 53
\BOOKMARK [0][]{appendix.A}{\376\377\226\104\137\125\000\040\000A\000\040\145\207\163\056\177\373\213\321\000\040\000-\000\040\121\163\116\216\213\255\176\303\137\252\163\257\171\136\176\317\177\121\176\334\166\204\126\360\226\276\140\047}{thuchapter.1.-1}% 54
\BOOKMARK [1][-]{section.A.1}{\376\377\000A\000.\0001\000\040\121\163\116\216\213\255\176\303\137\252\163\257\171\136\176\317\177\121\176\334\166\204\126\360\226\276\140\047}{appendix.A}% 55
\BOOKMARK [2][-]{subsection.A.1.1}{\376\377\000A\000.\0001\000.\0001\000\040\127\372\147\054\117\341\140\157}{section.A.1}% 56
\BOOKMARK [3][-]{subsubsection.A.1.1.1}{\376\377\000A\000.\0001\000.\0001\000.\0001\000\040\117\134\200\005}{subsection.A.1.1}% 57
\BOOKMARK [3][-]{subsubsection.A.1.1.2}{\376\377\000A\000.\0001\000.\0001\000.\0002\000\040\137\025\165\050}{subsection.A.1.1}% 58
\BOOKMARK [2][-]{subsection.A.1.2}{\376\377\000A\000.\0001\000.\0002\000\040\144\130\211\201}{section.A.1}% 59
\BOOKMARK [2][-]{subsection.A.1.3}{\376\377\000A\000.\0001\000.\0003\000\040\116\313\176\315}{section.A.1}% 60
\BOOKMARK [3][-]{subsubsection.A.1.3.1}{\376\377\000A\000.\0001\000.\0003\000.\0001\000\040\213\255\176\303\171\136\176\317\177\121\176\334}{subsection.A.1.3}% 61
\BOOKMARK [2][-]{subsection.A.1.4}{\376\377\000A\000.\0001\000.\0004\000\040\150\257\136\246\162\006\160\270\124\214\150\257\136\246\155\210\131\061}{section.A.1}% 62
\BOOKMARK [3][-]{subsubsection.A.1.4.1}{\376\377\000A\000.\0001\000.\0004\000.\0001\000\040\147\072\122\066}{subsection.A.1.4}% 63
\BOOKMARK [3][-]{subsubsection.A.1.4.2}{\376\377\000A\000.\0001\000.\0004\000.\0002\000\040\176\330\122\066\122\250\140\001\174\373\176\337\166\204\166\370\117\074\140\047}{subsection.A.1.4}% 64
\BOOKMARK [3][-]{subsubsection.A.1.4.3}{\376\377\000A\000.\0001\000.\0004\000.\0003\000\040\121\340\117\125\211\343\221\312}{subsection.A.1.4}% 65
\BOOKMARK [2][-]{subsection.A.1.5}{\376\377\000A\000.\0001\000.\0005\000\040\150\257\136\246\162\006\160\270\124\214\150\257\136\246\155\210\131\061\166\204\131\004\164\006}{section.A.1}% 66
\BOOKMARK [3][-]{subsubsection.A.1.5.1}{\376\377\000A\000.\0001\000.\0005\000.\0001\000\040\121\110\122\115\166\204\145\271\150\110}{subsection.A.1.5}% 67
\BOOKMARK [3][-]{subsubsection.A.1.5.2}{\376\377\000A\000.\0001\000.\0005\000.\0002\000\040\150\257\136\246\116\013\226\115}{subsection.A.1.5}% 68
\BOOKMARK [3][-]{subsubsection.A.1.5.3}{\376\377\000A\000.\0001\000.\0005\000.\0003\000\040\150\257\136\246\155\210\131\061\166\204\153\143\211\304\123\026}{subsection.A.1.5}% 69
\BOOKMARK [2][-]{subsection.A.1.6}{\376\377\000A\000.\0001\000.\0006\000\040\133\236\232\214\116\016\176\323\147\234}{section.A.1}% 70
\BOOKMARK [3][-]{subsubsection.A.1.6.1}{\376\377\000A\000.\0001\000.\0006\000.\0001\000\040\165\305\140\001\124\010\142\020\225\356\230\230}{subsection.A.1.6}% 71
\BOOKMARK [3][-]{subsubsection.A.1.6.2}{\376\377\000A\000.\0001\000.\0006\000.\0002\000\040\201\352\161\066\225\356\230\230}{subsection.A.1.6}% 72
\BOOKMARK [2][-]{subsection.A.1.7}{\376\377\000A\000.\0001\000.\0007\000\040\0005\000.\000\040\140\073\176\323\124\214\176\323\213\272}{section.A.1}% 73
\BOOKMARK [2][-]{subsection.A.1.8}{\376\377\000A\000.\0001\000.\0008\000\040\201\364\214\042}{section.A.1}% 74
\BOOKMARK [2][-]{subsection.A.1.9}{\376\377\000A\000.\0001\000.\0009\000\040\123\302\200\003\145\207\163\056}{section.A.1}% 75
\BOOKMARK [2][-]{subsection.A.1.10}{\376\377\000A\000.\0001\000.\0001\0000\000\040\116\316\122\006\147\220\166\204\211\322\136\246\122\006\147\220\150\257\136\246\162\006\160\270\124\214\150\257\136\246\155\210\131\061}{section.A.1}% 76
\BOOKMARK [2][-]{subsection.A.1.11}{\376\377\000A\000.\0001\000.\0001\0001\000\040\133\236\232\214\121\306\131\007}{section.A.1}% 77
\BOOKMARK [3][-]{subsubsection.A.1.11.1}{\376\377\000A\000.\0001\000.\0001\0001\000.\0001\000\040\165\305\140\001\124\010\142\020\116\373\122\241}{subsection.A.1.11}% 78
\BOOKMARK [3][-]{subsubsection.A.1.11.2}{\376\377\000A\000.\0001\000.\0001\0001\000.\0002\000\040\201\352\161\066\116\373\122\241}{subsection.A.1.11}% 79
