\BOOKMARK [-1][]{thuchapter.1.-1}{\376\377\116\015\172\063\133\232\171\136\176\317\177\121\176\334\116\055\166\204\123\315\124\021\117\040\144\255\173\227\154\325}{}% 1
\BOOKMARK [0][]{thuchapter.2.0}{\376\377\121\163\116\216\133\146\117\115\213\272\145\207\117\177\165\050\143\210\147\103\166\204\213\364\146\016}{thuchapter.1.-1}% 2
\BOOKMARK [0][]{thuchapter.3.0}{\376\377\116\055\145\207\144\130\211\201}{thuchapter.1.-1}% 3
\BOOKMARK [0][]{thuchapter.4.0}{\376\377\000A\000B\000S\000T\000R\000A\000C\000T}{thuchapter.1.-1}% 4
\BOOKMARK [0][]{thuchapter.5.0}{\376\377\166\356\137\125}{thuchapter.1.-1}% 5
\BOOKMARK [0][]{section*.10}{\376\377\143\322\126\376\175\042\137\025}{thuchapter.1.-1}% 6
\BOOKMARK [0][]{section*.12}{\376\377\210\150\150\074\175\042\137\025}{thuchapter.1.-1}% 7
\BOOKMARK [0][]{thuchapter.6.0}{\376\377\116\073\211\201\173\046\123\367\210\150}{thuchapter.1.-1}% 8
\BOOKMARK [0][]{chapter.1}{\376\377\173\054\0001\172\340\000\040\137\025\212\000}{thuchapter.1.-1}% 9
\BOOKMARK [1][-]{section.1.1}{\376\377\0001\000.\0001\000\040\225\356\230\230\200\314\146\157\123\312\141\017\116\111}{chapter.1}% 10
\BOOKMARK [1][-]{section.1.2}{\376\377\0001\000.\0002\000\040\145\207\163\056\176\374\217\360}{chapter.1}% 11
\BOOKMARK [1][-]{section.1.3}{\376\377\0001\000.\0003\000\040\213\272\145\207\150\106\147\266}{chapter.1}% 12
\BOOKMARK [0][]{chapter.2}{\376\377\173\054\0002\172\340\000\040\147\116\226\305\146\156\213\372\131\053\214\061\124\214\147\116\226\305\146\156\213\372\131\053\124\021\221\317}{thuchapter.1.-1}% 13
\BOOKMARK [1][-]{section.2.1}{\376\377\0002\000.\0001\000\040\147\116\226\305\146\156\213\372\131\053\214\061}{chapter.2}% 14
\BOOKMARK [1][-]{section.2.2}{\376\377\0002\000.\0002\000\040\147\116\226\305\146\156\213\372\131\053\124\021\221\317}{chapter.2}% 15
\BOOKMARK [0][]{chapter.3}{\376\377\173\054\0003\172\340\000\040\171\136\176\317\177\121\176\334\116\055\166\204\147\116\226\305\146\156\213\372\131\053\214\061}{thuchapter.1.-1}% 16
\BOOKMARK [1][-]{section.3.1}{\376\377\0003\000.\0001\000\040\173\046\123\367\176\246\133\232}{chapter.3}% 17
\BOOKMARK [1][-]{section.3.2}{\376\377\0003\000.\0002\000\040\164\006\213\272\122\006\147\220}{chapter.3}% 18
\BOOKMARK [1][-]{section.3.3}{\376\377\0003\000.\0003\000\040\133\236\232\214\122\006\147\220}{chapter.3}% 19
\BOOKMARK [2][-]{subsection.3.3.1}{\376\377\0003\000.\0003\000.\0001\000\040\121\150\217\336\143\245\171\136\176\317\177\121\176\334}{section.3.3}% 20
\BOOKMARK [2][-]{subsection.3.3.2}{\376\377\0003\000.\0003\000.\0002\000\040\137\252\163\257\171\136\176\317\177\121\176\334}{section.3.3}% 21
\BOOKMARK [2][-]{subsection.3.3.3}{\376\377\0003\000.\0003\000.\0003\000\040\133\371\120\166\140\047\166\204\232\214\213\301}{section.3.3}% 22
\BOOKMARK [1][-]{section.3.4}{\376\377\0003\000.\0004\000\040\176\323\213\272}{chapter.3}% 23
\BOOKMARK [0][]{chapter.4}{\376\377\173\054\0004\172\340\000\040\150\257\136\246\162\006\160\270\116\013\166\204\123\315\124\021\117\040\144\255\173\227\154\325}{thuchapter.1.-1}% 24
\BOOKMARK [1][-]{section.4.1}{\376\377\0004\000.\0001\000\040\117\213\133\120}{chapter.4}% 25
\BOOKMARK [1][-]{section.4.2}{\376\377\0004\000.\0002\000\040\117\040\176\337\145\271\154\325\166\204\126\360\130\203}{chapter.4}% 26
\BOOKMARK [2][-]{subsection.4.2.1}{\376\377\0004\000.\0002\000.\0001\000\040\000X\000a\000v\000i\000e\000r\122\035\131\313\123\026}{section.4.2}% 27
\BOOKMARK [2][-]{subsection.4.2.2}{\376\377\0004\000.\0002\000.\0002\000\040\000H\000e\122\035\131\313\123\026}{section.4.2}% 28
\BOOKMARK [2][-]{subsection.4.2.3}{\376\377\0004\000.\0002\000.\0003\000\040\121\166\116\326\147\103\221\315\122\035\131\313\123\026\145\271\154\325}{section.4.2}% 29
\BOOKMARK [2][-]{subsection.4.2.4}{\376\377\0004\000.\0002\000.\0004\000\040\147\103\221\315\122\035\131\313\123\026\166\204\145\160\120\074\122\006\147\220}{section.4.2}% 30
\BOOKMARK [2][-]{subsection.4.2.5}{\376\377\0004\000.\0002\000.\0005\000\040\133\236\232\214\232\214\213\301}{section.4.2}% 31
\BOOKMARK [2][-]{subsection.4.2.6}{\376\377\0004\000.\0002\000.\0006\000\040\176\323\213\272}{section.4.2}% 32
\BOOKMARK [1][-]{section.4.3}{\376\377\0004\000.\0003\000\040\220\032\217\307\117\064\226\217\226\064\137\161\217\333\210\114\123\315\124\021\117\040\144\255}{chapter.4}% 33
\BOOKMARK [2][-]{subsection.4.3.1}{\376\377\0004\000.\0003\000.\0001\000\040\164\006\213\272\200\314\146\157}{section.4.3}% 34
\BOOKMARK [2][-]{subsection.4.3.2}{\376\377\0004\000.\0003\000.\0002\000\040\117\064\226\217\123\330\221\317\166\204\137\025\121\145}{section.4.3}% 35
\BOOKMARK [2][-]{subsection.4.3.3}{\376\377\0004\000.\0003\000.\0003\000\040\150\257\136\246\213\241\173\227\166\204\214\003\145\164}{section.4.3}% 36
\BOOKMARK [2][-]{subsection.4.3.4}{\376\377\0004\000.\0003\000.\0004\000\040\147\116\226\305\146\156\213\372\131\053\145\271\172\013\166\204\154\102\211\343}{section.4.3}% 37
\BOOKMARK [2][-]{subsection.4.3.5}{\376\377\0004\000.\0003\000.\0005\000\040\121\167\117\123\173\227\154\325\133\236\163\260}{section.4.3}% 38
\BOOKMARK [2][-]{subsection.4.3.6}{\376\377\0004\000.\0003\000.\0006\000\040\145\160\120\074\172\063\133\232\140\047\122\006\147\220}{section.4.3}% 39
\BOOKMARK [2][-]{subsection.4.3.7}{\376\377\0004\000.\0003\000.\0007\000\040\133\236\232\214\232\214\213\301}{section.4.3}% 40
\BOOKMARK [3][-]{subsubsection.4.3.7.1}{\376\377\0004\000.\0003\000.\0007\000.\0001\000\040\164\006\213\272\122\006\147\220}{subsection.4.3.7}% 41
\BOOKMARK [2][-]{subsection.4.3.8}{\376\377\0004\000.\0003\000.\0008\000\040\176\323\213\272}{section.4.3}% 42
\BOOKMARK [1][-]{section.4.4}{\376\377\0004\000.\0004\000\040\150\070\137\256\122\006\145\271\154\325}{chapter.4}% 43
\BOOKMARK [1][-]{section.4.5}{\376\377\0004\000.\0005\000\040\176\323\213\272}{chapter.4}% 44
\BOOKMARK [0][]{chapter.5}{\376\377\173\054\0005\172\340\000\040\140\073\176\323}{thuchapter.1.-1}% 45
\BOOKMARK [0][]{section*.23}{\376\377\123\302\200\003\145\207\163\056}{thuchapter.1.-1}% 46
\BOOKMARK [0][]{section*.25}{\376\377\201\364\214\042}{thuchapter.1.-1}% 47
\BOOKMARK [0][]{section*.27}{\376\377\130\360\146\016}{thuchapter.1.-1}% 48
\BOOKMARK [0][]{appendix.A}{\376\377\226\104\137\125\000\040\000A\000\040\145\207\163\056\177\373\213\321}{thuchapter.1.-1}% 49
