\BOOKMARK [1][-]{section.1}{\376\377\0001\000.\000\040\144\130\211\201}{}% 1
\BOOKMARK [1][-]{section.2}{\376\377\0002\000.\000\040\176\352\213\272}{}% 2
\BOOKMARK [2][-]{subsection.2.1}{\376\377\0002\000.\0001\000.\000\040\145\207\163\056\176\374\217\360}{section.2}% 3
\BOOKMARK [2][-]{subsection.2.2}{\376\377\0002\000.\0002\000.\000\040\163\260\147\011\142\020\147\234}{section.2}% 4
\BOOKMARK [3][-]{subsubsection.2.2.1}{\376\377\0002\000.\0002\000.\0001\000.\000\040\147\116\226\305\146\156\213\372\131\053\124\021\221\317\166\204\133\232\116\111}{subsection.2.2}% 5
\BOOKMARK [3][-]{subsubsection.2.2.2}{\376\377\0002\000.\0002\000.\0002\000.\000\040\000Q\000R\145\271\154\325\166\204\173\227\154\325\133\236\163\260}{subsection.2.2}% 6
\BOOKMARK [3][-]{subsubsection.2.2.3}{\376\377\0002\000.\0002\000.\0003\000.\000\040\171\136\176\317\177\121\176\334\116\055\166\204\147\116\226\305\146\156\213\372\131\053\214\061\213\241\173\227}{subsection.2.2}% 7
\BOOKMARK [3][-]{subsubsection.2.2.4}{\376\377\0002\000.\0002\000.\0004\000.\000\040\133\371\120\166\140\047\232\214\213\301}{subsection.2.2}% 8
\BOOKMARK [3][-]{subsubsection.2.2.5}{\376\377\0002\000.\0002\000.\0005\000.\000\040\133\236\232\214\176\323\147\234\116\016\213\250\213\272}{subsection.2.2}% 9
\BOOKMARK [3][-]{subsubsection.2.2.6}{\376\377\0002\000.\0002\000.\0006\000.\000\040\176\323\213\272\116\016\147\052\147\145\135\345\117\134}{subsection.2.2}% 10
\BOOKMARK [1][-]{section.3}{\376\377\0003\000.\000\040\116\015\172\063\133\232\171\136\176\317\177\121\176\334}{}% 11
\BOOKMARK [2][-]{subsection.3.1}{\376\377\0003\000.\0001\000.\000\040\147\116\226\305\146\156\213\372\131\053\214\061}{section.3}% 12
\BOOKMARK [2][-]{subsection.3.2}{\376\377\0003\000.\0002\000.\000\040\147\116\226\305\146\156\213\372\131\053\124\021\221\317}{section.3}% 13
\BOOKMARK [2][-]{subsection.3.3}{\376\377\0003\000.\0003\000.\000\040\117\064\226\217\147\116\226\305\146\156\213\372\131\053\214\061\124\214\133\371\120\166\140\047}{section.3}% 14
\BOOKMARK [2][-]{subsection.3.4}{\376\377\0003\000.\0004\000.\000\040\133\236\232\214\116\016\122\006\147\220}{section.3}% 15
\BOOKMARK [3][-]{subsubsection.3.4.1}{\376\377\0003\000.\0004\000.\0001\000.\000\040\121\150\217\336\143\245\171\136\176\317\177\121\176\334}{subsection.3.4}% 16
\BOOKMARK [3][-]{subsubsection.3.4.2}{\376\377\0003\000.\0004\000.\0002\000.\000\040\137\252\163\257\171\136\176\317\177\121\176\334}{subsection.3.4}% 17
\BOOKMARK [3][-]{subsubsection.3.4.3}{\376\377\0003\000.\0004\000.\0003\000.\000\040\133\371\120\166\140\047\166\204\232\214\213\301}{subsection.3.4}% 18
\BOOKMARK [2][-]{subsection.3.5}{\376\377\0003\000.\0005\000.\000\040\176\323\213\272}{section.3}% 19
\BOOKMARK [1][-]{section.4}{\376\377\0004\000.\000\040\150\257\136\246\162\006\160\270\116\013\166\204\123\315\124\021\117\040\144\255\173\227\154\325}{}% 20
\BOOKMARK [2][-]{subsection.4.1}{\376\377\0004\000.\0001\000.\000\040\117\213\133\120}{section.4}% 21
\BOOKMARK [2][-]{subsection.4.2}{\376\377\0004\000.\0002\000.\000\040\117\040\176\337\145\271\154\325\166\204\126\360\130\203}{section.4}% 22
\BOOKMARK [3][-]{subsubsection.4.2.1}{\376\377\0004\000.\0002\000.\0001\000.\000\040\000X\000a\000v\000i\000e\000r\122\035\131\313\123\026}{subsection.4.2}% 23
\BOOKMARK [3][-]{subsubsection.4.2.2}{\376\377\0004\000.\0002\000.\0002\000.\000\040\000H\000e\122\035\131\313\123\026}{subsection.4.2}% 24
\BOOKMARK [3][-]{subsubsection.4.2.3}{\376\377\0004\000.\0002\000.\0003\000.\000\040\121\166\116\326\147\103\221\315\122\035\131\313\123\026\145\271\154\325}{subsection.4.2}% 25
\BOOKMARK [3][-]{subsubsection.4.2.4}{\376\377\0004\000.\0002\000.\0004\000.\000\040\147\103\221\315\122\035\131\313\123\026\166\204\145\160\120\074\122\006\147\220}{subsection.4.2}% 26
\BOOKMARK [3][-]{subsubsection.4.2.5}{\376\377\0004\000.\0002\000.\0005\000.\000\040\133\236\232\214\232\214\213\301}{subsection.4.2}% 27
\BOOKMARK [3][-]{subsubsection.4.2.6}{\376\377\0004\000.\0002\000.\0006\000.\000\040\176\323\213\272}{subsection.4.2}% 28
\BOOKMARK [2][-]{subsection.4.3}{\376\377\0004\000.\0003\000.\000\040\220\032\217\307\117\064\226\217\226\064\137\161\217\333\210\114\123\315\124\021\117\040\144\255}{section.4}% 29
\BOOKMARK [3][-]{subsubsection.4.3.1}{\376\377\0004\000.\0003\000.\0001\000.\000\040\164\006\213\272\200\314\146\157}{subsection.4.3}% 30
\BOOKMARK [3][-]{subsubsection.4.3.2}{\376\377\0004\000.\0003\000.\0002\000.\000\040\117\064\226\217\123\330\221\317\166\204\137\025\121\145}{subsection.4.3}% 31
\BOOKMARK [3][-]{subsubsection.4.3.3}{\376\377\0004\000.\0003\000.\0003\000.\000\040\150\257\136\246\213\241\173\227\166\204\214\003\145\164}{subsection.4.3}% 32
\BOOKMARK [3][-]{subsubsection.4.3.4}{\376\377\0004\000.\0003\000.\0004\000.\000\040\147\116\226\305\146\156\213\372\131\053\145\271\172\013\166\204\154\102\211\343}{subsection.4.3}% 33
\BOOKMARK [3][-]{subsubsection.4.3.5}{\376\377\0004\000.\0003\000.\0005\000.\000\040\121\167\117\123\173\227\154\325\133\236\163\260}{subsection.4.3}% 34
\BOOKMARK [3][-]{subsubsection.4.3.6}{\376\377\0004\000.\0003\000.\0006\000.\000\040\145\160\120\074\172\063\133\232\140\047\122\006\147\220}{subsection.4.3}% 35
\BOOKMARK [3][-]{subsubsection.4.3.7}{\376\377\0004\000.\0003\000.\0007\000.\000\040\133\236\232\214\232\214\213\301}{subsection.4.3}% 36
\BOOKMARK [3][-]{subsubsection.4.3.8}{\376\377\0004\000.\0003\000.\0008\000.\000\040\164\006\213\272\122\006\147\220}{subsection.4.3}% 37
\BOOKMARK [3][-]{subsubsection.4.3.9}{\376\377\0004\000.\0003\000.\0009\000.\000\040\176\323\213\272}{subsection.4.3}% 38
\BOOKMARK [2][-]{subsection.4.4}{\376\377\0004\000.\0004\000.\000\040\150\070\137\256\122\006\145\271\154\325}{section.4}% 39
\BOOKMARK [2][-]{subsection.4.5}{\376\377\0004\000.\0005\000.\000\040\176\323\213\272}{section.4}% 40
\BOOKMARK [1][-]{section.5}{\376\377\0005\000.\000\040\201\364\214\042}{}% 41
\BOOKMARK [1][-]{section*.1}{\376\377\000R\000e\000f\000e\000r\000e\000n\000c\000e\000s}{}% 42
